自動備份排程器啟動 - Thu Feb 19 02:22:07 UTC 2026
=== 執行備份 - Thu Feb 19 02:22:07 UTC 2026 ===
開始備份記憶檔案...
備份時間: 2026-02-19_02-22-07
備份目錄: /data/workspace/backups/memory_2026-02-19_02-22-07
✅ 每日記憶已備份
✅ 長期記憶已備份
🎉 記憶備份完成: memory_backup_2026-02-19_02-22-07.tar.gz
備份位置: /data/workspace/backups/memory_backup_2026-02-19_02-22-07.tar.gz
✅ 備份成功完成 - Thu Feb 19 02:22:07 UTC 2026

下次備份時間: 2026-02-20 02:22:07
等待中... (間隔: 24小時)

=== 執行備份 - Fri Feb 20 02:22:07 UTC 2026 ===
開始備份記憶檔案...
備份時間: 2026-02-20_02-22-07
備份目錄: /data/workspace/backups/memory_2026-02-20_02-22-07
✅ 每日記憶已備份
✅ 長期記憶已備份
🎉 記憶備份完成: memory_backup_2026-02-20_02-22-07.tar.gz
備份位置: /data/workspace/backups/memory_backup_2026-02-20_02-22-07.tar.gz
✅ 備份成功完成 - Fri Feb 20 02:22:07 UTC 2026

下次備份時間: 2026-02-21 02:22:07
等待中... (間隔: 24小時)

=== 執行備份 - Sat Feb 21 02:22:07 UTC 2026 ===
開始備份記憶檔案...
備份時間: 2026-02-21_02-22-07
備份目錄: /data/workspace/backups/memory_2026-02-21_02-22-07
✅ 每日記憶已備份
✅ 長期記憶已備份
🎉 記憶備份完成: memory_backup_2026-02-21_02-22-07.tar.gz
備份位置: /data/workspace/backups/memory_backup_2026-02-21_02-22-07.tar.gz
✅ 備份成功完成 - Sat Feb 21 02:22:07 UTC 2026

下次備份時間: 2026-02-22 02:22:07
等待中... (間隔: 24小時)

=== 執行備份 - Sun Feb 22 02:22:07 UTC 2026 ===
開始備份記憶檔案...
備份時間: 2026-02-22_02-22-07
備份目錄: /data/workspace/backups/memory_2026-02-22_02-22-07
✅ 每日記憶已備份
✅ 長期記憶已備份
🎉 記憶備份完成: memory_backup_2026-02-22_02-22-07.tar.gz
備份位置: /data/workspace/backups/memory_backup_2026-02-22_02-22-07.tar.gz
✅ 備份成功完成 - Sun Feb 22 02:22:07 UTC 2026

下次備份時間: 2026-02-23 02:22:07
等待中... (間隔: 24小時)

=== 執行備份 - Mon Feb 23 02:22:07 UTC 2026 ===
開始備份記憶檔案...
備份時間: 2026-02-23_02-22-07
備份目錄: /data/workspace/backups/memory_2026-02-23_02-22-07
✅ 每日記憶已備份
✅ 長期記憶已備份
🎉 記憶備份完成: memory_backup_2026-02-23_02-22-07.tar.gz
備份位置: /data/workspace/backups/memory_backup_2026-02-23_02-22-07.tar.gz
✅ 備份成功完成 - Mon Feb 23 02:22:07 UTC 2026

下次備份時間: 2026-02-24 02:22:07
等待中... (間隔: 24小時)

=== 執行備份 - Tue Feb 24 02:22:07 UTC 2026 ===
開始備份記憶檔案...
備份時間: 2026-02-24_02-22-07
備份目錄: /data/workspace/backups/memory_2026-02-24_02-22-07
✅ 每日記憶已備份
✅ 長期記憶已備份
🎉 記憶備份完成: memory_backup_2026-02-24_02-22-07.tar.gz
備份位置: /data/workspace/backups/memory_backup_2026-02-24_02-22-07.tar.gz
✅ 備份成功完成 - Tue Feb 24 02:22:07 UTC 2026

下次備份時間: 2026-02-25 02:22:07
等待中... (間隔: 24小時)

=== 執行備份 - Wed Feb 25 02:22:07 UTC 2026 ===
開始備份記憶檔案...
備份時間: 2026-02-25_02-22-07
備份目錄: /data/workspace/backups/memory_2026-02-25_02-22-07
✅ 每日記憶已備份
✅ 長期記憶已備份
🎉 記憶備份完成: memory_backup_2026-02-25_02-22-07.tar.gz
備份位置: /data/workspace/backups/memory_backup_2026-02-25_02-22-07.tar.gz
✅ 備份成功完成 - Wed Feb 25 02:22:07 UTC 2026

下次備份時間: 2026-02-26 02:22:07
等待中... (間隔: 24小時)

