[Tue Mar 24 14:50:31 UTC 2026] ✅ 啟動簡化版自動化工作流程...
[Tue Mar 24 14:50:31 UTC 2026] ✅ 循環開始 - 14:50:31
[Tue Mar 24 15:20:31 UTC 2026] ✅ 循環開始 - 15:20:31
[Tue Mar 24 15:50:31 UTC 2026] ✅ 循環開始 - 15:50:31
[Tue Mar 24 16:20:31 UTC 2026] ✅ 循環開始 - 16:20:31
[Tue Mar 24 16:50:31 UTC 2026] ✅ 循環開始 - 16:50:31
[Tue Mar 24 17:20:31 UTC 2026] ✅ 循環開始 - 17:20:31
[Tue Mar 24 17:50:31 UTC 2026] ✅ 循環開始 - 17:50:31
[Tue Mar 24 18:20:31 UTC 2026] ✅ 循環開始 - 18:20:31
[Tue Mar 24 18:50:31 UTC 2026] ✅ 循環開始 - 18:50:31
[Tue Mar 24 19:20:31 UTC 2026] ✅ 循環開始 - 19:20:31
[Tue Mar 24 19:50:31 UTC 2026] ✅ 循環開始 - 19:50:31
[Tue Mar 24 20:20:31 UTC 2026] ✅ 循環開始 - 20:20:31
[Tue Mar 24 20:50:31 UTC 2026] ✅ 循環開始 - 20:50:31
[Tue Mar 24 21:20:31 UTC 2026] ✅ 循環開始 - 21:20:31
[Tue Mar 24 21:50:31 UTC 2026] ✅ 循環開始 - 21:50:31
[Tue Mar 24 22:20:31 UTC 2026] ✅ 循環開始 - 22:20:31
[Tue Mar 24 22:50:31 UTC 2026] ✅ 循環開始 - 22:50:31
[Tue Mar 24 23:20:32 UTC 2026] ✅ 循環開始 - 23:20:31
[Tue Mar 24 23:50:32 UTC 2026] ✅ 循環開始 - 23:50:32
[Wed Mar 25 00:20:32 UTC 2026] ✅ 循環開始 - 00:20:32
[Wed Mar 25 00:50:32 UTC 2026] ✅ 循環開始 - 00:50:32
[Wed Mar 25 01:20:32 UTC 2026] ✅ 循環開始 - 01:20:32
[Wed Mar 25 01:50:32 UTC 2026] ✅ 循環開始 - 01:50:32
[Wed Mar 25 02:20:32 UTC 2026] ✅ 循環開始 - 02:20:32
[Wed Mar 25 02:50:32 UTC 2026] ✅ 循環開始 - 02:50:32
[Wed Mar 25 03:20:32 UTC 2026] ✅ 循環開始 - 03:20:32
[Wed Mar 25 03:50:32 UTC 2026] ✅ 循環開始 - 03:50:32
[Wed Mar 25 04:20:32 UTC 2026] ✅ 循環開始 - 04:20:32
[Wed Mar 25 04:50:32 UTC 2026] ✅ 循環開始 - 04:50:32
[Wed Mar 25 05:20:32 UTC 2026] ✅ 循環開始 - 05:20:32
[Wed Mar 25 05:50:32 UTC 2026] ✅ 循環開始 - 05:50:32
[Wed Mar 25 06:20:32 UTC 2026] ✅ 循環開始 - 06:20:32
[Wed Mar 25 06:50:32 UTC 2026] ✅ 循環開始 - 06:50:32
[Wed Mar 25 07:20:32 UTC 2026] ✅ 循環開始 - 07:20:32
[Wed Mar 25 07:50:32 UTC 2026] ✅ 循環開始 - 07:50:32
[Wed Mar 25 08:20:32 UTC 2026] ✅ 循環開始 - 08:20:32
[Wed Mar 25 08:50:32 UTC 2026] ✅ 循環開始 - 08:50:32
[Wed Mar 25 09:20:32 UTC 2026] ✅ 循環開始 - 09:20:32
[Wed Mar 25 09:50:32 UTC 2026] ✅ 循環開始 - 09:50:32
[Wed Mar 25 10:20:32 UTC 2026] ✅ 循環開始 - 10:20:32
[Wed Mar 25 10:50:32 UTC 2026] ✅ 循環開始 - 10:50:32
[Wed Mar 25 11:20:32 UTC 2026] ✅ 循環開始 - 11:20:32
[Wed Mar 25 11:50:32 UTC 2026] ✅ 循環開始 - 11:50:32
[Wed Mar 25 12:20:32 UTC 2026] ✅ 循環開始 - 12:20:32
[Wed Mar 25 12:50:32 UTC 2026] ✅ 循環開始 - 12:50:32
[Wed Mar 25 13:20:32 UTC 2026] ✅ 循環開始 - 13:20:32
[Wed Mar 25 13:50:32 UTC 2026] ✅ 循環開始 - 13:50:32
[Wed Mar 25 14:20:32 UTC 2026] ✅ 循環開始 - 14:20:32
[Wed Mar 25 14:50:32 UTC 2026] ✅ 循環開始 - 14:50:32
[Wed Mar 25 15:20:32 UTC 2026] ✅ 循環開始 - 15:20:32
[Wed Mar 25 15:50:32 UTC 2026] ✅ 循環開始 - 15:50:32
[Wed Mar 25 16:20:32 UTC 2026] ✅ 循環開始 - 16:20:32
[Wed Mar 25 16:50:32 UTC 2026] ✅ 循環開始 - 16:50:32
[Wed Mar 25 17:20:32 UTC 2026] ✅ 循環開始 - 17:20:32
[Wed Mar 25 17:50:32 UTC 2026] ✅ 循環開始 - 17:50:32
[Wed Mar 25 18:20:32 UTC 2026] ✅ 循環開始 - 18:20:32
[Wed Mar 25 18:50:32 UTC 2026] ✅ 循環開始 - 18:50:32
[Wed Mar 25 19:20:32 UTC 2026] ✅ 循環開始 - 19:20:32
[Wed Mar 25 19:50:32 UTC 2026] ✅ 循環開始 - 19:50:32
[Wed Mar 25 20:20:32 UTC 2026] ✅ 循環開始 - 20:20:32
[Wed Mar 25 20:50:32 UTC 2026] ✅ 循環開始 - 20:50:32
[Wed Mar 25 21:20:32 UTC 2026] ✅ 循環開始 - 21:20:32
[Wed Mar 25 21:50:32 UTC 2026] ✅ 循環開始 - 21:50:32
[Wed Mar 25 22:20:32 UTC 2026] ✅ 循環開始 - 22:20:32
[Wed Mar 25 22:50:32 UTC 2026] ✅ 循環開始 - 22:50:32
[Wed Mar 25 23:20:32 UTC 2026] ✅ 循環開始 - 23:20:32
[Wed Mar 25 23:50:32 UTC 2026] ✅ 循環開始 - 23:50:32
[Thu Mar 26 00:20:32 UTC 2026] ✅ 循環開始 - 00:20:32
[Thu Mar 26 00:50:32 UTC 2026] ✅ 循環開始 - 00:50:32
[Thu Mar 26 01:20:32 UTC 2026] ✅ 循環開始 - 01:20:32
[Thu Mar 26 01:50:32 UTC 2026] ✅ 循環開始 - 01:50:32
[Thu Mar 26 02:20:32 UTC 2026] ✅ 循環開始 - 02:20:32
[Thu Mar 26 02:50:32 UTC 2026] ✅ 循環開始 - 02:50:32
[Thu Mar 26 03:20:32 UTC 2026] ✅ 循環開始 - 03:20:32
[Thu Mar 26 03:50:32 UTC 2026] ✅ 循環開始 - 03:50:32
[Thu Mar 26 04:20:32 UTC 2026] ✅ 循環開始 - 04:20:32
[Thu Mar 26 04:50:32 UTC 2026] ✅ 循環開始 - 04:50:32
[Thu Mar 26 05:20:32 UTC 2026] ✅ 循環開始 - 05:20:32
[Thu Mar 26 05:50:32 UTC 2026] ✅ 循環開始 - 05:50:32
[Thu Mar 26 06:20:32 UTC 2026] ✅ 循環開始 - 06:20:32
[Thu Mar 26 06:50:32 UTC 2026] ✅ 循環開始 - 06:50:32
[Thu Mar 26 07:20:32 UTC 2026] ✅ 循環開始 - 07:20:32
[Thu Mar 26 07:50:32 UTC 2026] ✅ 循環開始 - 07:50:32
[Thu Mar 26 08:20:32 UTC 2026] ✅ 循環開始 - 08:20:32
[Thu Mar 26 08:50:32 UTC 2026] ✅ 循環開始 - 08:50:32
[Thu Mar 26 09:20:32 UTC 2026] ✅ 循環開始 - 09:20:32
[Thu Mar 26 09:50:32 UTC 2026] ✅ 循環開始 - 09:50:32
[Thu Mar 26 10:20:32 UTC 2026] ✅ 循環開始 - 10:20:32
[Thu Mar 26 10:50:32 UTC 2026] ✅ 循環開始 - 10:50:32
[Thu Mar 26 11:20:32 UTC 2026] ✅ 循環開始 - 11:20:32
[Thu Mar 26 11:50:32 UTC 2026] ✅ 循環開始 - 11:50:32
[Thu Mar 26 12:20:32 UTC 2026] ✅ 循環開始 - 12:20:32
[Thu Mar 26 12:50:32 UTC 2026] ✅ 循環開始 - 12:50:32
[Thu Mar 26 13:20:32 UTC 2026] ✅ 循環開始 - 13:20:32
[Thu Mar 26 13:50:32 UTC 2026] ✅ 循環開始 - 13:50:32
[Thu Mar 26 14:20:32 UTC 2026] ✅ 循環開始 - 14:20:32
[Thu Mar 26 14:50:32 UTC 2026] ✅ 循環開始 - 14:50:32
[Thu Mar 26 15:20:32 UTC 2026] ✅ 循環開始 - 15:20:32
[Thu Mar 26 15:50:32 UTC 2026] ✅ 循環開始 - 15:50:32
[Thu Mar 26 16:20:32 UTC 2026] ✅ 循環開始 - 16:20:32
[Thu Mar 26 16:50:32 UTC 2026] ✅ 循環開始 - 16:50:32
[Thu Mar 26 17:20:32 UTC 2026] ✅ 循環開始 - 17:20:32
[Thu Mar 26 17:50:32 UTC 2026] ✅ 循環開始 - 17:50:32
[Thu Mar 26 18:20:32 UTC 2026] ✅ 循環開始 - 18:20:32
[Thu Mar 26 18:50:32 UTC 2026] ✅ 循環開始 - 18:50:32
[Thu Mar 26 19:20:32 UTC 2026] ✅ 循環開始 - 19:20:32
[Thu Mar 26 19:50:32 UTC 2026] ✅ 循環開始 - 19:50:32
[Thu Mar 26 20:20:33 UTC 2026] ✅ 循環開始 - 20:20:33
[Thu Mar 26 20:50:33 UTC 2026] ✅ 循環開始 - 20:50:33
[Thu Mar 26 21:20:33 UTC 2026] ✅ 循環開始 - 21:20:33
[Thu Mar 26 21:50:33 UTC 2026] ✅ 循環開始 - 21:50:33
[Thu Mar 26 22:20:33 UTC 2026] ✅ 循環開始 - 22:20:33
[Thu Mar 26 22:50:33 UTC 2026] ✅ 循環開始 - 22:50:33
[Thu Mar 26 23:20:33 UTC 2026] ✅ 循環開始 - 23:20:33
[Thu Mar 26 23:50:33 UTC 2026] ✅ 循環開始 - 23:50:33
[Fri Mar 27 00:20:33 UTC 2026] ✅ 循環開始 - 00:20:33
[Fri Mar 27 00:50:33 UTC 2026] ✅ 循環開始 - 00:50:33
[Fri Mar 27 01:20:33 UTC 2026] ✅ 循環開始 - 01:20:33
[Fri Mar 27 01:50:33 UTC 2026] ✅ 循環開始 - 01:50:33
[Fri Mar 27 02:20:33 UTC 2026] ✅ 循環開始 - 02:20:33
[Fri Mar 27 02:50:33 UTC 2026] ✅ 循環開始 - 02:50:33
[Fri Mar 27 03:20:33 UTC 2026] ✅ 循環開始 - 03:20:33
[Fri Mar 27 03:50:33 UTC 2026] ✅ 循環開始 - 03:50:33
[Fri Mar 27 04:20:33 UTC 2026] ✅ 循環開始 - 04:20:33
[Fri Mar 27 04:50:33 UTC 2026] ✅ 循環開始 - 04:50:33
[Fri Mar 27 05:20:33 UTC 2026] ✅ 循環開始 - 05:20:33
[Fri Mar 27 05:50:33 UTC 2026] ✅ 循環開始 - 05:50:33
[Fri Mar 27 06:20:33 UTC 2026] ✅ 循環開始 - 06:20:33
[Fri Mar 27 06:50:33 UTC 2026] ✅ 循環開始 - 06:50:33
[Fri Mar 27 07:20:33 UTC 2026] ✅ 循環開始 - 07:20:33
[Fri Mar 27 07:50:33 UTC 2026] ✅ 循環開始 - 07:50:33
[Fri Mar 27 08:20:33 UTC 2026] ✅ 循環開始 - 08:20:33
[Fri Mar 27 08:50:33 UTC 2026] ✅ 循環開始 - 08:50:33
[Fri Mar 27 09:20:33 UTC 2026] ✅ 循環開始 - 09:20:33
[Fri Mar 27 09:50:33 UTC 2026] ✅ 循環開始 - 09:50:33
[Fri Mar 27 10:20:33 UTC 2026] ✅ 循環開始 - 10:20:33
[Fri Mar 27 10:50:33 UTC 2026] ✅ 循環開始 - 10:50:33
[Fri Mar 27 11:20:33 UTC 2026] ✅ 循環開始 - 11:20:33
[Fri Mar 27 11:50:33 UTC 2026] ✅ 循環開始 - 11:50:33
[Fri Mar 27 12:20:33 UTC 2026] ✅ 循環開始 - 12:20:33
[Fri Mar 27 12:50:33 UTC 2026] ✅ 循環開始 - 12:50:33
[Fri Mar 27 13:20:33 UTC 2026] ✅ 循環開始 - 13:20:33
[Fri Mar 27 13:50:33 UTC 2026] ✅ 循環開始 - 13:50:33
[Fri Mar 27 14:20:33 UTC 2026] ✅ 循環開始 - 14:20:33
[Fri Mar 27 14:50:33 UTC 2026] ✅ 循環開始 - 14:50:33
[Fri Mar 27 15:20:33 UTC 2026] ✅ 循環開始 - 15:20:33
[Fri Mar 27 15:50:33 UTC 2026] ✅ 循環開始 - 15:50:33
[Fri Mar 27 16:20:33 UTC 2026] ✅ 循環開始 - 16:20:33
[Fri Mar 27 16:50:33 UTC 2026] ✅ 循環開始 - 16:50:33
[Fri Mar 27 17:20:33 UTC 2026] ✅ 循環開始 - 17:20:33
[Fri Mar 27 17:50:33 UTC 2026] ✅ 循環開始 - 17:50:33
[Fri Mar 27 18:20:33 UTC 2026] ✅ 循環開始 - 18:20:33
[Fri Mar 27 18:50:33 UTC 2026] ✅ 循環開始 - 18:50:33
[Fri Mar 27 19:20:33 UTC 2026] ✅ 循環開始 - 19:20:33
[Fri Mar 27 19:50:33 UTC 2026] ✅ 循環開始 - 19:50:33
[Fri Mar 27 20:20:33 UTC 2026] ✅ 循環開始 - 20:20:33
[Fri Mar 27 20:50:33 UTC 2026] ✅ 循環開始 - 20:50:33
[Fri Mar 27 21:20:33 UTC 2026] ✅ 循環開始 - 21:20:33
[Fri Mar 27 21:50:33 UTC 2026] ✅ 循環開始 - 21:50:33
[Fri Mar 27 22:20:33 UTC 2026] ✅ 循環開始 - 22:20:33
[Fri Mar 27 22:50:33 UTC 2026] ✅ 循環開始 - 22:50:33
[Fri Mar 27 23:20:33 UTC 2026] ✅ 循環開始 - 23:20:33
[Fri Mar 27 23:50:33 UTC 2026] ✅ 循環開始 - 23:50:33
[Sat Mar 28 00:20:33 UTC 2026] ✅ 循環開始 - 00:20:33
[Sat Mar 28 00:50:33 UTC 2026] ✅ 循環開始 - 00:50:33
[Sat Mar 28 01:20:33 UTC 2026] ✅ 循環開始 - 01:20:33
[Sat Mar 28 01:50:33 UTC 2026] ✅ 循環開始 - 01:50:33
[Sat Mar 28 02:20:33 UTC 2026] ✅ 循環開始 - 02:20:33
[Sat Mar 28 02:50:33 UTC 2026] ✅ 循環開始 - 02:50:33
[Sat Mar 28 03:20:33 UTC 2026] ✅ 循環開始 - 03:20:33
[Sat Mar 28 03:50:33 UTC 2026] ✅ 循環開始 - 03:50:33
[Sat Mar 28 04:20:33 UTC 2026] ✅ 循環開始 - 04:20:33
[Sat Mar 28 04:50:33 UTC 2026] ✅ 循環開始 - 04:50:33
[Sat Mar 28 05:20:33 UTC 2026] ✅ 循環開始 - 05:20:33
[Sat Mar 28 05:50:33 UTC 2026] ✅ 循環開始 - 05:50:33
[Sat Mar 28 06:20:33 UTC 2026] ✅ 循環開始 - 06:20:33
[Sat Mar 28 06:50:33 UTC 2026] ✅ 循環開始 - 06:50:33
[Sat Mar 28 07:20:33 UTC 2026] ✅ 循環開始 - 07:20:33
[Sat Mar 28 07:50:33 UTC 2026] ✅ 循環開始 - 07:50:33
[Sat Mar 28 08:20:33 UTC 2026] ✅ 循環開始 - 08:20:33
[Sat Mar 28 08:50:33 UTC 2026] ✅ 循環開始 - 08:50:33
[Sat Mar 28 09:20:33 UTC 2026] ✅ 循環開始 - 09:20:33
[Sat Mar 28 09:50:33 UTC 2026] ✅ 循環開始 - 09:50:33
[Sat Mar 28 10:20:33 UTC 2026] ✅ 循環開始 - 10:20:33
[Sat Mar 28 10:50:33 UTC 2026] ✅ 循環開始 - 10:50:33
[Sat Mar 28 11:20:33 UTC 2026] ✅ 循環開始 - 11:20:33
[Sat Mar 28 11:50:33 UTC 2026] ✅ 循環開始 - 11:50:33
[Sat Mar 28 12:20:33 UTC 2026] ✅ 循環開始 - 12:20:33
[Sat Mar 28 12:50:33 UTC 2026] ✅ 循環開始 - 12:50:33
[Sat Mar 28 13:20:33 UTC 2026] ✅ 循環開始 - 13:20:33
[Sat Mar 28 13:50:33 UTC 2026] ✅ 循環開始 - 13:50:33
[Sat Mar 28 14:20:33 UTC 2026] ✅ 循環開始 - 14:20:33
[Sat Mar 28 14:50:33 UTC 2026] ✅ 循環開始 - 14:50:33
[Sat Mar 28 15:20:33 UTC 2026] ✅ 循環開始 - 15:20:33
✅ 循環開始 - 14:20:33
[Sat Mar 28 14:50:33 UTC 2026] ✅ 循環開始 - 14:50:33
[Sat Mar 28 15:20:33 UTC 2026] ✅ 循環開始 - 15:20:33
